# JRE version: OpenJDK Runtime Environment (8.0_202-b03) (build 1.8.0_202-release-1483-b03)
# Java VM: OpenJDK 64-Bit Server VM (25.202-b03 mixed mode windows-amd64 compressed oops)
Heap:
 PSYoungGen      total 203264K, used 17844K [0x00000000e0000000, 0x00000000f1b00000, 0x0000000100000000)
  eden space 187392K, 9% used [0x00000000e0000000,0x00000000e116d0d0,0x00000000eb700000)
  from space 15872K, 0% used [0x00000000eb700000,0x00000000eb700000,0x00000000ec680000)
  to   space 23552K, 0% used [0x00000000f0400000,0x00000000f0400000,0x00000000f1b00000)
 ParOldGen       total 126976K, used 40732K [0x00000000a0000000, 0x00000000a7c00000, 0x00000000e0000000)
  object space 126976K, 32% used [0x00000000a0000000,0x00000000a27c7118,0x00000000a7c00000)
 Metaspace       used 59026K, capacity 60790K, committed 61056K, reserved 1101824K
  class space    used 7832K, capacity 8276K, committed 8320K, reserved 1048576K
GC Heap History (10 events):
Event: 22.615 GC heap before
{Heap before GC invocations=8 (full 1):
 PSYoungGen      total 120320K, used 94013K [0x00000000e0000000, 0x00000000e9080000, 0x0000000100000000)
  eden space 111104K, 76% used [0x00000000e0000000,0x00000000e533e138,0x00000000e6c80000)
  from space 9216K, 95% used [0x00000000e8780000,0x00000000e9011390,0x00000000e9080000)
  to   space 12288K, 0% used [0x00000000e7880000,0x00000000e7880000,0x00000000e8480000)
 ParOldGen       total 56320K, used 10909K [0x00000000a0000000, 0x00000000a3700000, 0x00000000e0000000)
  object space 56320K, 19% used [0x00000000a0000000,0x00000000a0aa74a8,0x00000000a3700000)
 Metaspace       used 34685K, capacity 35362K, committed 35496K, reserved 1079296K
  class space    used 4612K, capacity 4815K, committed 4864K, reserved 1048576K
Event: 22.639 GC heap after
Heap after GC invocations=8 (full 1):
 PSYoungGen      total 135680K, used 12142K [0x00000000e0000000, 0x00000000ed680000, 0x0000000100000000)
  eden space 123392K, 0% used [0x00000000e0000000,0x00000000e0000000,0x00000000e7880000)
  from space 12288K, 98% used [0x00000000e7880000,0x00000000e845bba8,0x00000000e8480000)
  to   space 14336K, 0% used [0x00000000ec880000,0x00000000ec880000,0x00000000ed680000)
 ParOldGen       total 56320K, used 10917K [0x00000000a0000000, 0x00000000a3700000, 0x00000000e0000000)
  object space 56320K, 19% used [0x00000000a0000000,0x00000000a0aa94a8,0x00000000a3700000)
 Metaspace       used 34685K, capacity 35362K, committed 35496K, reserved 1079296K
  class space    used 4612K, capacity 4815K, committed 4864K, reserved 1048576K
}
Event: 22.639 GC heap before
{Heap before GC invocations=9 (full 2):
 PSYoungGen      total 135680K, used 12142K [0x00000000e0000000, 0x00000000ed680000, 0x0000000100000000)
  eden space 123392K, 0% used [0x00000000e0000000,0x00000000e0000000,0x00000000e7880000)
  from space 12288K, 98% used [0x00000000e7880000,0x00000000e845bba8,0x00000000e8480000)
  to   space 14336K, 0% used [0x00000000ec880000,0x00000000ec880000,0x00000000ed680000)
 ParOldGen       total 56320K, used 10917K [0x00000000a0000000, 0x00000000a3700000, 0x00000000e0000000)
  object space 56320K, 19% used [0x00000000a0000000,0x00000000a0aa94a8,0x00000000a3700000)
 Metaspace       used 34685K, capacity 35362K, committed 35496K, reserved 1079296K
  class space    used 4612K, capacity 4815K, committed 4864K, reserved 1048576K
Event: 22.750 GC heap after
Heap after GC invocations=9 (full 2):
 PSYoungGen      total 135680K, used 0K [0x00000000e0000000, 0x00000000ed680000, 0x0000000100000000)
  eden space 123392K, 0% used [0x00000000e0000000,0x00000000e0000000,0x00000000e7880000)
  from space 12288K, 0% used [0x00000000e7880000,0x00000000e7880000,0x00000000e8480000)
  to   space 14336K, 0% used [0x00000000ec880000,0x00000000ec880000,0x00000000ed680000)
 ParOldGen       total 79872K, used 17964K [0x00000000a0000000, 0x00000000a4e00000, 0x00000000e0000000)
  object space 79872K, 22% used [0x00000000a0000000,0x00000000a118b050,0x00000000a4e00000)
 Metaspace       used 34639K, capacity 35262K, committed 35496K, reserved 1079296K
  class space    used 4601K, capacity 4803K, committed 4864K, reserved 1048576K
}
Event: 29.615 GC heap before
{Heap before GC invocations=10 (full 2):
 PSYoungGen      total 135680K, used 123392K [0x00000000e0000000, 0x00000000ed680000, 0x0000000100000000)
  eden space 123392K, 100% used [0x00000000e0000000,0x00000000e7880000,0x00000000e7880000)
  from space 12288K, 0% used [0x00000000e7880000,0x00000000e7880000,0x00000000e8480000)
  to   space 14336K, 0% used [0x00000000ec880000,0x00000000ec880000,0x00000000ed680000)
 ParOldGen       total 79872K, used 17964K [0x00000000a0000000, 0x00000000a4e00000, 0x00000000e0000000)
  object space 79872K, 22% used [0x00000000a0000000,0x00000000a118b050,0x00000000a4e00000)
 Metaspace       used 42429K, capacity 43550K, committed 43648K, reserved 1087488K
  class space    used 5705K, capacity 5977K, committed 6016K, reserved 1048576K
Event: 29.649 GC heap after
Heap after GC invocations=10 (full 2):
 PSYoungGen      total 201216K, used 13463K [0x00000000e0000000, 0x00000000ed600000, 0x0000000100000000)
  eden space 187392K, 0% used [0x00000000e0000000,0x00000000e0000000,0x00000000eb700000)
  from space 13824K, 97% used [0x00000000ec880000,0x00000000ed5a5df8,0x00000000ed600000)
  to   space 15872K, 0% used [0x00000000eb700000,0x00000000eb700000,0x00000000ec680000)
 ParOldGen       total 79872K, used 17972K [0x00000000a0000000, 0x00000000a4e00000, 0x00000000e0000000)
  object space 79872K, 22% used [0x00000000a0000000,0x00000000a118d050,0x00000000a4e00000)
 Metaspace       used 42429K, capacity 43550K, committed 43648K, reserved 1087488K
  class space    used 5705K, capacity 5977K, committed 6016K, reserved 1048576K
}
Event: 37.130 GC heap before
{Heap before GC invocations=11 (full 2):
 PSYoungGen      total 201216K, used 200078K [0x00000000e0000000, 0x00000000ed600000, 0x0000000100000000)
  eden space 187392K, 99% used [0x00000000e0000000,0x00000000eb63dcf0,0x00000000eb700000)
  from space 13824K, 97% used [0x00000000ec880000,0x00000000ed5a5df8,0x00000000ed600000)
  to   space 15872K, 0% used [0x00000000eb700000,0x00000000eb700000,0x00000000ec680000)
 ParOldGen       total 79872K, used 17972K [0x00000000a0000000, 0x00000000a4e00000, 0x00000000e0000000)
  object space 79872K, 22% used [0x00000000a0000000,0x00000000a118d050,0x00000000a4e00000)
 Metaspace       used 57500K, capacity 59124K, committed 59160K, reserved 1099776K
  class space    used 7662K, capacity 8057K, committed 8064K, reserved 1048576K
Event: 37.185 GC heap after
Heap after GC invocations=11 (full 2):
 PSYoungGen      total 203264K, used 15844K [0x00000000e0000000, 0x00000000f1b00000, 0x0000000100000000)
  eden space 187392K, 0% used [0x00000000e0000000,0x00000000e0000000,0x00000000eb700000)
  from space 15872K, 99% used [0x00000000eb700000,0x00000000ec679330,0x00000000ec680000)
  to   space 23552K, 0% used [0x00000000f0400000,0x00000000f0400000,0x00000000f1b00000)
 ParOldGen       total 79872K, used 31509K [0x00000000a0000000, 0x00000000a4e00000, 0x00000000e0000000)
  object space 79872K, 39% used [0x00000000a0000000,0x00000000a1ec54e8,0x00000000a4e00000)
 Metaspace       used 57500K, capacity 59124K, committed 59160K, reserved 1099776K
  class space    used 7662K, capacity 8057K, committed 8064K, reserved 1048576K
}
Event: 37.185 GC heap before
{Heap before GC invocations=12 (full 3):
 PSYoungGen      total 203264K, used 15844K [0x00000000e0000000, 0x00000000f1b00000, 0x0000000100000000)
  eden space 187392K, 0% used [0x00000000e0000000,0x00000000e0000000,0x00000000eb700000)
  from space 15872K, 99% used [0x00000000eb700000,0x00000000ec679330,0x00000000ec680000)
  to   space 23552K, 0% used [0x00000000f0400000,0x00000000f0400000,0x00000000f1b00000)
 ParOldGen       total 79872K, used 31509K [0x00000000a0000000, 0x00000000a4e00000, 0x00000000e0000000)
  object space 79872K, 39% used [0x00000000a0000000,0x00000000a1ec54e8,0x00000000a4e00000)
 Metaspace       used 57500K, capacity 59124K, committed 59160K, reserved 1099776K
  class space    used 7662K, capacity 8057K, committed 8064K, reserved 1048576K
Event: 37.572 GC heap after
Heap after GC invocations=12 (full 3):
 PSYoungGen      total 203264K, used 0K [0x00000000e0000000, 0x00000000f1b00000, 0x0000000100000000)
  eden space 187392K, 0% used [0x00000000e0000000,0x00000000e0000000,0x00000000eb700000)
  from space 15872K, 0% used [0x00000000eb700000,0x00000000eb700000,0x00000000ec680000)
  to   space 23552K, 0% used [0x00000000f0400000,0x00000000f0400000,0x00000000f1b00000)
 ParOldGen       total 126976K, used 40732K [0x00000000a0000000, 0x00000000a7c00000, 0x00000000e0000000)
  object space 126976K, 32% used [0x00000000a0000000,0x00000000a27c7118,0x00000000a7c00000)
 Metaspace       used 57482K, capacity 59064K, committed 59160K, reserved 1099776K
  class space    used 7657K, capacity 8047K, committed 8064K, reserved 1048576K
}

