# JRE version: OpenJDK Runtime Environment (8.0_202-b03) (build 1.8.0_202-release-1483-b03)
# Java VM: OpenJDK 64-Bit Server VM (25.202-b03 mixed mode windows-amd64 compressed oops)
Heap:
 PSYoungGen      total 183808K, used 6715K [0x00000000e0000000, 0x00000000ec680000, 0x0000000100000000)
  eden space 168448K, 0% used [0x00000000e0000000,0x00000000e0000000,0x00000000ea480000)
  from space 15360K, 43% used [0x00000000eb780000,0x00000000ebe0efd0,0x00000000ec680000)
  to   space 17408K, 0% used [0x00000000ea480000,0x00000000ea480000,0x00000000eb580000)
 ParOldGen       total 84480K, used 33268K [0x00000000a0000000, 0x00000000a5280000, 0x00000000e0000000)
  object space 84480K, 39% used [0x00000000a0000000,0x00000000a207d300,0x00000000a5280000)
 Metaspace       used 57315K, capacity 58874K, committed 59028K, reserved 1099776K
  class space    used 7703K, capacity 8111K, committed 8192K, reserved 1048576K
GC Heap History (10 events):
Event: 29.072 GC heap after
Heap after GC invocations=10 (full 1):
 PSYoungGen      total 110592K, used 10734K [0x00000000e0000000, 0x00000000e9780000, 0x0000000100000000)
  eden space 99840K, 0% used [0x00000000e0000000,0x00000000e0000000,0x00000000e6180000)
  from space 10752K, 99% used [0x00000000e6180000,0x00000000e6bfbae8,0x00000000e6c00000)
  to   space 12288K, 0% used [0x00000000e8b80000,0x00000000e8b80000,0x00000000e9780000)
 ParOldGen       total 55808K, used 9319K [0x00000000a0000000, 0x00000000a3680000, 0x00000000e0000000)
  object space 55808K, 16% used [0x00000000a0000000,0x00000000a0919de0,0x00000000a3680000)
 Metaspace       used 34580K, capacity 35226K, committed 35416K, reserved 1079296K
  class space    used 4754K, capacity 4942K, committed 4992K, reserved 1048576K
}
Event: 29.072 GC heap before
{Heap before GC invocations=11 (full 2):
 PSYoungGen      total 110592K, used 10734K [0x00000000e0000000, 0x00000000e9780000, 0x0000000100000000)
  eden space 99840K, 0% used [0x00000000e0000000,0x00000000e0000000,0x00000000e6180000)
  from space 10752K, 99% used [0x00000000e6180000,0x00000000e6bfbae8,0x00000000e6c00000)
  to   space 12288K, 0% used [0x00000000e8b80000,0x00000000e8b80000,0x00000000e9780000)
 ParOldGen       total 55808K, used 9319K [0x00000000a0000000, 0x00000000a3680000, 0x00000000e0000000)
  object space 55808K, 16% used [0x00000000a0000000,0x00000000a0919de0,0x00000000a3680000)
 Metaspace       used 34580K, capacity 35226K, committed 35416K, reserved 1079296K
  class space    used 4754K, capacity 4942K, committed 4992K, reserved 1048576K
Event: 29.227 GC heap after
Heap after GC invocations=11 (full 2):
 PSYoungGen      total 110592K, used 0K [0x00000000e0000000, 0x00000000e9780000, 0x0000000100000000)
  eden space 99840K, 0% used [0x00000000e0000000,0x00000000e0000000,0x00000000e6180000)
  from space 10752K, 0% used [0x00000000e6180000,0x00000000e6180000,0x00000000e6c00000)
  to   space 12288K, 0% used [0x00000000e8b80000,0x00000000e8b80000,0x00000000e9780000)
 ParOldGen       total 84480K, used 18412K [0x00000000a0000000, 0x00000000a5280000, 0x00000000e0000000)
  object space 84480K, 21% used [0x00000000a0000000,0x00000000a11fb2b0,0x00000000a5280000)
 Metaspace       used 34566K, capacity 35178K, committed 35416K, reserved 1079296K
  class space    used 4749K, capacity 4934K, committed 4992K, reserved 1048576K
}
Event: 36.218 GC heap before
{Heap before GC invocations=12 (full 2):
 PSYoungGen      total 110592K, used 99840K [0x00000000e0000000, 0x00000000e9780000, 0x0000000100000000)
  eden space 99840K, 100% used [0x00000000e0000000,0x00000000e6180000,0x00000000e6180000)
  from space 10752K, 0% used [0x00000000e6180000,0x00000000e6180000,0x00000000e6c00000)
  to   space 12288K, 0% used [0x00000000e8b80000,0x00000000e8b80000,0x00000000e9780000)
 ParOldGen       total 84480K, used 18412K [0x00000000a0000000, 0x00000000a5280000, 0x00000000e0000000)
  object space 84480K, 21% used [0x00000000a0000000,0x00000000a11fb2b0,0x00000000a5280000)
 Metaspace       used 45152K, capacity 46030K, committed 46552K, reserved 1089536K
  class space    used 6055K, capacity 6287K, committed 6400K, reserved 1048576K
Event: 36.268 GC heap after
Heap after GC invocations=12 (full 2):
 PSYoungGen      total 141312K, used 12285K [0x00000000e0000000, 0x00000000e9b80000, 0x0000000100000000)
  eden space 129024K, 0% used [0x00000000e0000000,0x00000000e0000000,0x00000000e7e00000)
  from space 12288K, 99% used [0x00000000e8b80000,0x00000000e977f588,0x00000000e9780000)
  to   space 13824K, 0% used [0x00000000e7e00000,0x00000000e7e00000,0x00000000e8b80000)
 ParOldGen       total 84480K, used 19600K [0x00000000a0000000, 0x00000000a5280000, 0x00000000e0000000)
  object space 84480K, 23% used [0x00000000a0000000,0x00000000a1324028,0x00000000a5280000)
 Metaspace       used 45152K, capacity 46030K, committed 46552K, reserved 1089536K
  class space    used 6055K, capacity 6287K, committed 6400K, reserved 1048576K
}
Event: 41.081 GC heap before
{Heap before GC invocations=13 (full 2):
 PSYoungGen      total 141312K, used 141309K [0x00000000e0000000, 0x00000000e9b80000, 0x0000000100000000)
  eden space 129024K, 100% used [0x00000000e0000000,0x00000000e7e00000,0x00000000e7e00000)
  from space 12288K, 99% used [0x00000000e8b80000,0x00000000e977f588,0x00000000e9780000)
  to   space 13824K, 0% used [0x00000000e7e00000,0x00000000e7e00000,0x00000000e8b80000)
 ParOldGen       total 84480K, used 19600K [0x00000000a0000000, 0x00000000a5280000, 0x00000000e0000000)
  object space 84480K, 23% used [0x00000000a0000000,0x00000000a1324028,0x00000000a5280000)
 Metaspace       used 52912K, capacity 54316K, committed 54360K, reserved 1095680K
  class space    used 7183K, capacity 7534K, committed 7552K, reserved 1048576K
Event: 41.143 GC heap after
Heap after GC invocations=13 (full 2):
 PSYoungGen      total 142848K, used 13793K [0x00000000e0000000, 0x00000000ec900000, 0x0000000100000000)
  eden space 129024K, 0% used [0x00000000e0000000,0x00000000e0000000,0x00000000e7e00000)
  from space 13824K, 99% used [0x00000000e7e00000,0x00000000e8b78708,0x00000000e8b80000)
  to   space 17920K, 0% used [0x00000000eb780000,0x00000000eb780000,0x00000000ec900000)
 ParOldGen       total 84480K, used 25606K [0x00000000a0000000, 0x00000000a5280000, 0x00000000e0000000)
  object space 84480K, 30% used [0x00000000a0000000,0x00000000a1901aa0,0x00000000a5280000)
 Metaspace       used 52912K, capacity 54316K, committed 54360K, reserved 1095680K
  class space    used 7183K, capacity 7534K, committed 7552K, reserved 1048576K
}
Event: 47.337 GC heap before
{Heap before GC invocations=14 (full 2):
 PSYoungGen      total 142848K, used 70719K [0x00000000e0000000, 0x00000000ec900000, 0x0000000100000000)
  eden space 129024K, 44% used [0x00000000e0000000,0x00000000e3797650,0x00000000e7e00000)
  from space 13824K, 99% used [0x00000000e7e00000,0x00000000e8b78708,0x00000000e8b80000)
  to   space 17920K, 0% used [0x00000000eb780000,0x00000000eb780000,0x00000000ec900000)
 ParOldGen       total 84480K, used 25606K [0x00000000a0000000, 0x00000000a5280000, 0x00000000e0000000)
  object space 84480K, 30% used [0x00000000a0000000,0x00000000a1901aa0,0x00000000a5280000)
 Metaspace       used 57315K, capacity 58874K, committed 59028K, reserved 1099776K
  class space    used 7703K, capacity 8111K, committed 8192K, reserved 1048576K
Event: 47.388 GC heap after
Heap after GC invocations=14 (full 2):
 PSYoungGen      total 183808K, used 6715K [0x00000000e0000000, 0x00000000ec680000, 0x0000000100000000)
  eden space 168448K, 0% used [0x00000000e0000000,0x00000000e0000000,0x00000000ea480000)
  from space 15360K, 43% used [0x00000000eb780000,0x00000000ebe0efd0,0x00000000ec680000)
  to   space 17408K, 0% used [0x00000000ea480000,0x00000000ea480000,0x00000000eb580000)
 ParOldGen       total 84480K, used 33268K [0x00000000a0000000, 0x00000000a5280000, 0x00000000e0000000)
  object space 84480K, 39% used [0x00000000a0000000,0x00000000a207d300,0x00000000a5280000)
 Metaspace       used 57315K, capacity 58874K, committed 59028K, reserved 1099776K
  class space    used 7703K, capacity 8111K, committed 8192K, reserved 1048576K
}
Event: 47.388 GC heap before
{Heap before GC invocations=15 (full 3):
 PSYoungGen      total 183808K, used 6715K [0x00000000e0000000, 0x00000000ec680000, 0x0000000100000000)
  eden space 168448K, 0% used [0x00000000e0000000,0x00000000e0000000,0x00000000ea480000)
  from space 15360K, 43% used [0x00000000eb780000,0x00000000ebe0efd0,0x00000000ec680000)
  to   space 17408K, 0% used [0x00000000ea480000,0x00000000ea480000,0x00000000eb580000)
 ParOldGen       total 84480K, used 33268K [0x00000000a0000000, 0x00000000a5280000, 0x00000000e0000000)
  object space 84480K, 39% used [0x00000000a0000000,0x00000000a207d300,0x00000000a5280000)
 Metaspace       used 57315K, capacity 58874K, committed 59028K, reserved 1099776K
  class space    used 7703K, capacity 8111K, committed 8192K, reserved 1048576K

